<?xml version="1.0" encoding="UTF-8"?>
<testng-results ignored="0" total="1" passed="1" failed="0" skipped="0">
  <reporter-output>
  </reporter-output>
  <suite started-at="2024-06-25T11:27:23 IST" name="Default suite" finished-at="2024-06-25T11:27:37 IST" duration-ms="14026">
    <groups>
    </groups>
    <test started-at="2024-06-25T11:27:23 IST" name="Default test" finished-at="2024-06-25T11:27:37 IST" duration-ms="14026">
      <class name="dropdown.DropDown_Handle">
        <test-method signature="handle_dropdown()[pri:0, instance:dropdown.DropDown_Handle@298a5e20]" started-at="2024-06-25T11:27:23 IST" name="handle_dropdown" finished-at="2024-06-25T11:27:37 IST" duration-ms="13907" status="PASS">
          <reporter-output>
          </reporter-output>
        </test-method> <!-- handle_dropdown -->
      </class> <!-- dropdown.DropDown_Handle -->
    </test> <!-- Default test -->
  </suite> <!-- Default suite -->
</testng-results>
